
> @skillx/web@0.0.0 build
> next build

  ▲ Next.js 14.2.3

   Creating an optimized production build ...
 ✓ Compiled successfully
   Linting and checking validity of types ...
   Collecting page data ...
   Generating static pages (0/5) ...
   Generating static pages (1/5) 
   Generating static pages (2/5) 
   Generating static pages (3/5) 
 ✓ Generating static pages (5/5)
   Finalizing page optimization ...
   Collecting build traces ...

Route (app)                              Size     First Load JS
┌ ○ /                                    173 B          93.9 kB
├ ○ /_not-found                          873 B          87.9 kB
└ ○ /profile                             4.84 kB        91.8 kB
+ First Load JS shared by all            87 kB
  ├ chunks/1dd3208c-fb30538265ccb1c0.js  53.6 kB
  ├ chunks/286-21fb44c8d5af70bf.js       31.5 kB
  └ other shared chunks (total)          1.89 kB


○  (Static)  prerendered as static content

